<?xml version="1.0" encoding="UTF-8"?>
<testsuite name="WallServiceTest" tests="3" skipped="0" failures="0" errors="0" timestamp="2020-12-22T19:30:06" hostname="LAPTOP-HW" time="0.028">
  <properties/>
  <testcase name="addPost" classname="WallServiceTest" time="0.025"/>
  <testcase name="updatePost_True" classname="WallServiceTest" time="0.003"/>
  <testcase name="updatePost_False" classname="WallServiceTest" time="0.0"/>
  <system-out><![CDATA[]]></system-out>
  <system-err><![CDATA[]]></system-err>
</testsuite>
